<?xml version="1.0" encoding="UTF-8"?>
<testng-results skipped="0" failed="1" ignored="0" total="1" passed="0">
  <reporter-output>
  </reporter-output>
  <suite name="Default suite" duration-ms="6068" started-at="2022-02-13T09:23:37 IST" finished-at="2022-02-13T09:23:43 IST">
    <groups>
    </groups>
    <test name="Default test" duration-ms="6068" started-at="2022-02-13T09:23:37 IST" finished-at="2022-02-13T09:23:43 IST">
      <class name="com.RMGYANTRATests.CreateResourceAndVerifyInDatabase">
        <test-method status="PASS" signature="bsconfig()[pri:0, instance:com.RMGYANTRATests.CreateResourceAndVerifyInDatabase@27808f31]" name="bsconfig" is-config="true" duration-ms="1403" started-at="2022-02-13T09:23:36 IST" finished-at="2022-02-13T09:23:37 IST">
          <reporter-output>
          </reporter-output>
        </test-method> <!-- bsconfig -->
        <test-method status="FAIL" signature="createResourceAndVerifyInDatabase()[pri:0, instance:com.RMGYANTRATests.CreateResourceAndVerifyInDatabase@27808f31]" name="createResourceAndVerifyInDatabase" duration-ms="6001" started-at="2022-02-13T09:23:37 IST" finished-at="2022-02-13T09:23:43 IST">
          <exception class="java.sql.SQLSyntaxErrorException">
            <message>
              <![CDATA[You have an error in your SQL syntax; check the manual that corresponds to your MySQL server version for the right syntax to use near 'TY_PROJ_2611' at line 1]]>
            </message>
            <full-stacktrace>
              <![CDATA[java.sql.SQLSyntaxErrorException: You have an error in your SQL syntax; check the manual that corresponds to your MySQL server version for the right syntax to use near 'TY_PROJ_2611' at line 1
at com.mysql.cj.jdbc.exceptions.SQLError.createSQLException(SQLError.java:120)
at com.mysql.cj.jdbc.exceptions.SQLError.createSQLException(SQLError.java:97)
at com.mysql.cj.jdbc.exceptions.SQLExceptionsMapping.translateException(SQLExceptionsMapping.java:122)
at com.mysql.cj.jdbc.StatementImpl.executeQuery(StatementImpl.java:1200)
at genericUtility.DatabaseUtility.executeQueryAndGetData(DatabaseUtility.java:33)
at com.RMGYANTRATests.CreateResourceAndVerifyInDatabase.createResourceAndVerifyInDatabase(CreateResourceAndVerifyInDatabase.java:36)
at sun.reflect.NativeMethodAccessorImpl.invoke0(Native Method)
at sun.reflect.NativeMethodAccessorImpl.invoke(NativeMethodAccessorImpl.java:62)
at sun.reflect.DelegatingMethodAccessorImpl.invoke(DelegatingMethodAccessorImpl.java:43)
at java.lang.reflect.Method.invoke(Method.java:498)
at org.testng.internal.MethodInvocationHelper.invokeMethod(MethodInvocationHelper.java:133)
at org.testng.internal.TestInvoker.invokeMethod(TestInvoker.java:598)
at org.testng.internal.TestInvoker.invokeTestMethod(TestInvoker.java:173)
at org.testng.internal.MethodRunner.runInSequence(MethodRunner.java:46)
at org.testng.internal.TestInvoker$MethodInvocationAgent.invoke(TestInvoker.java:824)
at org.testng.internal.TestInvoker.invokeTestMethods(TestInvoker.java:146)
at org.testng.internal.TestMethodWorker.invokeTestMethods(TestMethodWorker.java:146)
at org.testng.internal.TestMethodWorker.run(TestMethodWorker.java:128)
at java.util.ArrayList.forEach(ArrayList.java:1257)
at org.testng.TestRunner.privateRun(TestRunner.java:794)
at org.testng.TestRunner.run(TestRunner.java:596)
at org.testng.SuiteRunner.runTest(SuiteRunner.java:377)
at org.testng.SuiteRunner.runSequentially(SuiteRunner.java:371)
at org.testng.SuiteRunner.privateRun(SuiteRunner.java:332)
at org.testng.SuiteRunner.run(SuiteRunner.java:276)
at org.testng.SuiteRunnerWorker.runSuite(SuiteRunnerWorker.java:53)
at org.testng.SuiteRunnerWorker.run(SuiteRunnerWorker.java:96)
at org.testng.TestNG.runSuitesSequentially(TestNG.java:1212)
at org.testng.TestNG.runSuitesLocally(TestNG.java:1134)
at org.testng.TestNG.runSuites(TestNG.java:1063)
at org.testng.TestNG.run(TestNG.java:1031)
at org.testng.remote.AbstractRemoteTestNG.run(AbstractRemoteTestNG.java:115)
at org.testng.remote.RemoteTestNG.initAndRun(RemoteTestNG.java:251)
at org.testng.remote.RemoteTestNG.main(RemoteTestNG.java:77)
]]>
            </full-stacktrace>
          </exception> <!-- java.sql.SQLSyntaxErrorException -->
          <reporter-output>
          </reporter-output>
        </test-method> <!-- createResourceAndVerifyInDatabase -->
        <test-method status="PASS" signature="asConfig()[pri:0, instance:com.RMGYANTRATests.CreateResourceAndVerifyInDatabase@27808f31]" name="asConfig" is-config="true" duration-ms="27" started-at="2022-02-13T09:23:43 IST" finished-at="2022-02-13T09:23:43 IST">
          <reporter-output>
          </reporter-output>
        </test-method> <!-- asConfig -->
      </class> <!-- com.RMGYANTRATests.CreateResourceAndVerifyInDatabase -->
    </test> <!-- Default test -->
  </suite> <!-- Default suite -->
</testng-results>
